<?xml version="1.0" encoding="UTF-8" standalone="no"?><testsuite errors="1" failures="0" name="Autenticacion en la pagina Axxion System" skipped="0" tests="1" time="0.08" timestamp="2026-05-06 02:13:41"><testcase name="Iniciar sesion correctamente"><error message="No stage available - it looks like you haven't called the setTheStage() method before calling this one." type="net.serenitybdd.screenplay.actors.NoStageException">No stage available - it looks like you haven't called the setTheStage() method before calling this one.</error><system-err>No stage available - it looks like you haven't called the setTheStage() method before calling this one.&#13;
co.com.Automatizacion.AxxionSystem.stepDefintions.Autenticacion.AutenticacionStepDefinitions.queElUsuarioSeEncuentraEnLaPaginaDeInicioDeSesionDeAxxionSystem(AutenticacionStepDefinitions.java:18)&#13;
✽.que el usuario se encuentra en la pagina de inicio de sesion de Axxion System(file:///C:/xampp/htdocs/AXXION_SYSTEM_/_docs/trim_07/Pruebas%20de%20Software/AUTOMATIZACION/src/test/resources/features/Autenticacion/IniciarSesion.feature:12)&#13;
</system-err></testcase></testsuite>