<?xml version="1.0" encoding="UTF-8" standalone="no"?><testsuite errors="0" failures="1" name="Gestión de Categorías" skipped="0" tests="1" time="11.99" timestamp="2026-07-01 12:23:10"><testcase name="Agregar una categoría válida con éxito"><failure message="Expected mensaje exito&#10;Expected: is &lt;true&gt;&#10;     but: was &lt;false&gt;" type="java.lang.AssertionError">Expected mensaje exito
Expected: is &lt;true&gt;
     but: was &lt;false&gt;</failure><system-err>Expected mensaje exito
Expected: is &lt;true&gt;
     but: was &lt;false&gt;
co.com.Automatizacion.AxxionSystem.stepDefintions.Categorias.CategoriasStepDefinition.debería_ver_un_mensaje_de_éxito(CategoriasStepDefinition.java:22)
worker.org.gradle.process.internal.worker.GradleWorkerMain.run(GradleWorkerMain.java:69)
worker.org.gradle.process.internal.worker.GradleWorkerMain.main(GradleWorkerMain.java:74)
</system-err></testcase></testsuite>