<?xml version="1.0" encoding="UTF-8" standalone="no"?><testsuite errors="1" failures="0" name="Conversión de cotización a renta efectiva" skipped="0" tests="1" time="2.95" timestamp="2026-05-08 06:33:37"><testcase name="Formalizar la renta desde una cotización existente"><error message="The following error occurred: unknown error: net::ERR_CONNECTION_REFUSED&#10;  (Session info: chrome=147.0.7727.137)&#10;Build info: version: '4.26.0', revision: '8ccf0219d7'&#10;System info: os.name: 'Linux', os.arch: 'amd64', os.version: '6.12.85+deb13-amd64', java.version: '21.0.10'&#10;Driver info: org.openqa.selenium.chrome.ChromeDriver&#10;Command: [37207378c341bfe350bfc27936b4fc3a, get {url=http://localhost:5173/login}]&#10;Capabilities {acceptInsecureCerts: false, browserName: chrome, browserVersion: 147.0.7727.137, chrome: {chromedriverVersion: 147.0.7727.117 (474cc805edd..., userDataDir: /tmp/org.chromium.Chromium....}, fedcm:accounts: true, goog:chromeOptions: {debuggerAddress: localhost:45311}, goog:processID: 35214, networkConnectionEnabled: false, pageLoadStrategy: normal, platformName: linux, proxy: Proxy(), se:cdp: ws://localhost:45311/devtoo..., se:cdpVersion: 147.0.7727.137, setWindowRect: true, strictFileInteractability: false, timeouts: {implicit: 0, pageLoad: 300000, script: 30000}, unhandledPromptBehavior: dismiss and notify, webauthn:extension:credBlob: true, webauthn:extension:largeBlob: true, webauthn:extension:minPinLength: true, webauthn:extension:prf: true, webauthn:virtualAuthenticators: true}&#10;Session ID: 37207378c341bfe350bfc27936b4fc3a" type="org.openqa.selenium.WebDriverException">The following error occurred: unknown error: net::ERR_CONNECTION_REFUSED
  (Session info: chrome=147.0.7727.137)
Build info: version: '4.26.0', revision: '8ccf0219d7'
System info: os.name: 'Linux', os.arch: 'amd64', os.version: '6.12.85+deb13-amd64', java.version: '21.0.10'
Driver info: org.openqa.selenium.chrome.ChromeDriver
Command: [37207378c341bfe350bfc27936b4fc3a, get {url=http://localhost:5173/login}]
Capabilities {acceptInsecureCerts: false, browserName: chrome, browserVersion: 147.0.7727.137, chrome: {chromedriverVersion: 147.0.7727.117 (474cc805edd..., userDataDir: /tmp/org.chromium.Chromium....}, fedcm:accounts: true, goog:chromeOptions: {debuggerAddress: localhost:45311}, goog:processID: 35214, networkConnectionEnabled: false, pageLoadStrategy: normal, platformName: linux, proxy: Proxy(), se:cdp: ws://localhost:45311/devtoo..., se:cdpVersion: 147.0.7727.137, setWindowRect: true, strictFileInteractability: false, timeouts: {implicit: 0, pageLoad: 300000, script: 30000}, unhandledPromptBehavior: dismiss and notify, webauthn:extension:credBlob: true, webauthn:extension:largeBlob: true, webauthn:extension:minPinLength: true, webauthn:extension:prf: true, webauthn:virtualAuthenticators: true}
Session ID: 37207378c341bfe350bfc27936b4fc3a</error><system-err>The following error occurred: unknown error: net::ERR_CONNECTION_REFUSED
  (Session info: chrome=147.0.7727.137)
Build info: version: '4.26.0', revision: '8ccf0219d7'
System info: os.name: 'Linux', os.arch: 'amd64', os.version: '6.12.85+deb13-amd64', java.version: '21.0.10'
Driver info: org.openqa.selenium.chrome.ChromeDriver
Command: [37207378c341bfe350bfc27936b4fc3a, get {url=http://localhost:5173/login}]
Capabilities {acceptInsecureCerts: false, browserName: chrome, browserVersion: 147.0.7727.137, chrome: {chromedriverVersion: 147.0.7727.117 (474cc805edd..., userDataDir: /tmp/org.chromium.Chromium....}, fedcm:accounts: true, goog:chromeOptions: {debuggerAddress: localhost:45311}, goog:processID: 35214, networkConnectionEnabled: false, pageLoadStrategy: normal, platformName: linux, proxy: Proxy(), se:cdp: ws://localhost:45311/devtoo..., se:cdpVersion: 147.0.7727.137, setWindowRect: true, strictFileInteractability: false, timeouts: {implicit: 0, pageLoad: 300000, script: 30000}, unhandledPromptBehavior: dismiss and notify, webauthn:extension:credBlob: true, webauthn:extension:largeBlob: true, webauthn:extension:minPinLength: true, webauthn:extension:prf: true, webauthn:virtualAuthenticators: true}
Session ID: 37207378c341bfe350bfc27936b4fc3a
tasks.AbrirPagina.performAs(AbrirPagina.java:23)
utils.hooks.PreparacionEscenario.prepararEscenario(PreparacionEscenario.java:19)
worker.org.gradle.process.internal.worker.GradleWorkerMain.run(GradleWorkerMain.java:69)
worker.org.gradle.process.internal.worker.GradleWorkerMain.main(GradleWorkerMain.java:74)
</system-err></testcase></testsuite>