<?xml version="1.0" encoding="UTF-8" standalone="no"?><testsuite errors="1" failures="0" name="Editar Categorías" skipped="0" tests="1" time="9.83" timestamp="2026-07-01 12:23:46"><testcase name="Editar una categoría correctamente"><error message="unexpected alert open: {Alert text : hubo un error al guardar}&#10;  (Session info: chrome=150.0.7871.46): hubo un error al guardar&#10;Build info: version: '4.41.0', revision: '9fc754f'&#10;System info: os.name: 'Linux', os.arch: 'amd64', os.version: '6.12.90+deb13.1-amd64', java.version: '21.0.11'&#10;Driver info: org.openqa.selenium.chrome.ChromeDriver&#10;Command: [8e3e7be91e2f2b827a9a9b20e9e9db2b, findElement {using=xpath, value=//label[contains(., 'Tipo de categoria')]/following-sibling::input}]&#10;Capabilities {acceptInsecureCerts: false, browserName: chrome, browserVersion: 150.0.7871.46, chrome: {chromedriverVersion: 150.0.7871.46 (5b586c06e0d2..., userDataDir: /tmp/org.chromium.Chromium....}, fedcm:accounts: true, goog:chromeOptions: {debuggerAddress: localhost:38693}, goog:processID: 89691, networkConnectionEnabled: false, pageLoadStrategy: normal, platformName: linux, proxy: Proxy(), se:cdp: ws://localhost:38693/devtoo..., se:cdpVersion: 150.0.7871.46, setWindowRect: true, strictFileInteractability: false, timeouts: {implicit: 0, pageLoad: 300000, script: 30000}, unhandledPromptBehavior: dismiss and notify, webauthn:extension:credBlob: true, webauthn:extension:largeBlob: true, webauthn:extension:minPinLength: true, webauthn:extension:prf: true, webauthn:virtualAuthenticators: true}&#10;Session ID: 8e3e7be91e2f2b827a9a9b20e9e9db2b" type="org.openqa.selenium.UnhandledAlertException">unexpected alert open: {Alert text : hubo un error al guardar}
  (Session info: chrome=150.0.7871.46): hubo un error al guardar
Build info: version: '4.41.0', revision: '9fc754f'
System info: os.name: 'Linux', os.arch: 'amd64', os.version: '6.12.90+deb13.1-amd64', java.version: '21.0.11'
Driver info: org.openqa.selenium.chrome.ChromeDriver
Command: [8e3e7be91e2f2b827a9a9b20e9e9db2b, findElement {using=xpath, value=//label[contains(., 'Tipo de categoria')]/following-sibling::input}]
Capabilities {acceptInsecureCerts: false, browserName: chrome, browserVersion: 150.0.7871.46, chrome: {chromedriverVersion: 150.0.7871.46 (5b586c06e0d2..., userDataDir: /tmp/org.chromium.Chromium....}, fedcm:accounts: true, goog:chromeOptions: {debuggerAddress: localhost:38693}, goog:processID: 89691, networkConnectionEnabled: false, pageLoadStrategy: normal, platformName: linux, proxy: Proxy(), se:cdp: ws://localhost:38693/devtoo..., se:cdpVersion: 150.0.7871.46, setWindowRect: true, strictFileInteractability: false, timeouts: {implicit: 0, pageLoad: 300000, script: 30000}, unhandledPromptBehavior: dismiss and notify, webauthn:extension:credBlob: true, webauthn:extension:largeBlob: true, webauthn:extension:minPinLength: true, webauthn:extension:prf: true, webauthn:virtualAuthenticators: true}
Session ID: 8e3e7be91e2f2b827a9a9b20e9e9db2b</error><system-err>unexpected alert open: {Alert text : hubo un error al guardar}
  (Session info: chrome=150.0.7871.46): hubo un error al guardar
Build info: version: '4.41.0', revision: '9fc754f'
System info: os.name: 'Linux', os.arch: 'amd64', os.version: '6.12.90+deb13.1-amd64', java.version: '21.0.11'
Driver info: org.openqa.selenium.chrome.ChromeDriver
Command: [8e3e7be91e2f2b827a9a9b20e9e9db2b, findElement {using=xpath, value=//label[contains(., 'Tipo de categoria')]/following-sibling::input}]
Capabilities {acceptInsecureCerts: false, browserName: chrome, browserVersion: 150.0.7871.46, chrome: {chromedriverVersion: 150.0.7871.46 (5b586c06e0d2..., userDataDir: /tmp/org.chromium.Chromium....}, fedcm:accounts: true, goog:chromeOptions: {debuggerAddress: localhost:38693}, goog:processID: 89691, networkConnectionEnabled: false, pageLoadStrategy: normal, platformName: linux, proxy: Proxy(), se:cdp: ws://localhost:38693/devtoo..., se:cdpVersion: 150.0.7871.46, setWindowRect: true, strictFileInteractability: false, timeouts: {implicit: 0, pageLoad: 300000, script: 30000}, unhandledPromptBehavior: dismiss and notify, webauthn:extension:credBlob: true, webauthn:extension:largeBlob: true, webauthn:extension:minPinLength: true, webauthn:extension:prf: true, webauthn:virtualAuthenticators: true}
Session ID: 8e3e7be91e2f2b827a9a9b20e9e9db2b
co.com.Automatizacion.AxxionSystem.tasks.Categorias.EditarCategoria.performAs(EditarCategoria.java:25)
co.com.Automatizacion.AxxionSystem.stepDefintions.Categorias.EditarCategoriaStepDefinition.el_usuario_actualiza_el_nombre_de_la_categoría(EditarCategoriaStepDefinition.java:22)
✽.el usuario actualiza el nombre de la categoría(classpath:features/Categorias/EditarCategoria.feature:17)
</system-err></testcase></testsuite>