<?xml version="1.0" encoding="UTF-8" standalone="no"?><testsuite errors="0" failures="1" name="Borrar Categorías" skipped="0" tests="1" time="13.09" timestamp="2026-07-01 12:23:22"><testcase name="Borrar una categoría correctamente"><failure message="&#10;Expected: is &lt;false&gt;&#10;     but: was &lt;true&gt;" type="java.lang.AssertionError">
Expected: is &lt;false&gt;
     but: was &lt;true&gt;</failure><system-err>
Expected: is &lt;false&gt;
     but: was &lt;true&gt;
co.com.Automatizacion.AxxionSystem.stepDefintions.Categorias.BorrarCategoriaStepDefinition.que_la_categoría_ya_no_debería_existir_en_el_sistema(BorrarCategoriaStepDefinition.java:26)
worker.org.gradle.process.internal.worker.GradleWorkerMain.run(GradleWorkerMain.java:69)
worker.org.gradle.process.internal.worker.GradleWorkerMain.main(GradleWorkerMain.java:74)
</system-err></testcase></testsuite>