<?xml version="1.0" encoding="UTF-8" standalone="no"?><testsuite errors="0" failures="1" name="Autenticacion en la pagina Axxion System" skipped="0" tests="1" time="0.36" timestamp="2026-05-04 03:56:10"><testcase name="Iniciar sesion correctamente"><failure message="Undefined default URL for page object LoginPage" type="java.lang.AssertionError">Undefined default URL for page object LoginPage</failure><system-err>Undefined default URL for page object LoginPage&#13;
co.com.Automatizacion.AxxionSystem.stepDefintions.Autenticacion.AutenticacionStepDefinitions.queElUsuarioSeEncuentraEnLaPaginaDeInicioDeSesionDeAxxionSystem(AutenticacionStepDefinitions.java:16)&#13;
✽.que el usuario se encuentra en la pagina de inicio de sesion de Axxion System(file:///C:/xampp/htdocs/AXXION_SYSTEM_/_docs/trim_07/Pruebas%20de%20Software/AUTOMATIZACION/src/test/resources/features/Autenticacion/IniciarSesion.feature:12)&#13;
</system-err></testcase></testsuite>